twa_android_src/app/build/intermediates/manifest_merge_blame_file/release/processReleaseMainManifest/manifest-merger-blame-release-report.txt
1<?xml version="1.0" encoding="utf-8"?>
2<manifest xmlns:android="http://schemas.android.com/apk/res/android"
3    package="com.helloworld.groupchat.twa"
4    android:versionCode="1"
5    android:versionName="1.0" >
6
7    <uses-sdk
7-->src/main/AndroidManifest.xml:5:5-73
8        android:minSdkVersion="21"
8-->src/main/AndroidManifest.xml:5:15-41
9        android:targetSdkVersion="34" />
9-->src/main/AndroidManifest.xml:5:42-71
10
11    <queries>
11-->[com.google.androidbrowserhelper:androidbrowserhelper:2.5.0] AndroidManifest.xml:26:5-34:15
12        <intent>
12-->[com.google.androidbrowserhelper:androidbrowserhelper:2.5.0] AndroidManifest.xml:27:9-33:18
13            <action android:name="android.intent.action.VIEW" />
13-->[com.google.androidbrowserhelper:androidbrowserhelper:2.5.0] AndroidManifest.xml:28:13-65
13-->[com.google.androidbrowserhelper:androidbrowserhelper:2.5.0] AndroidManifest.xml:28:21-62
14
15            <category android:name="android.intent.category.BROWSABLE" />
15-->[com.google.androidbrowserhelper:androidbrowserhelper:2.5.0] AndroidManifest.xml:30:13-74
15-->[com.google.androidbrowserhelper:androidbrowserhelper:2.5.0] AndroidManifest.xml:30:23-71
16
17            <data android:scheme="https" />
17-->[com.google.androidbrowserhelper:androidbrowserhelper:2.5.0] AndroidManifest.xml:32:13-44
17-->[com.google.androidbrowserhelper:androidbrowserhelper:2.5.0] AndroidManifest.xml:32:19-41
18        </intent>
19    </queries>
20
21    <application
21-->src/main/AndroidManifest.xml:6:5-25:19
22        android:allowBackup="true"
22-->src/main/AndroidManifest.xml:9:9-35
23        android:appComponentFactory="androidx.core.app.CoreComponentFactory"
23-->[androidx.core:core:1.1.0] AndroidManifest.xml:24:18-86
24        android:extractNativeLibs="true"
25        android:icon="@mipmap/ic_launcher"
25-->src/main/AndroidManifest.xml:8:9-43
26        android:label="GroupChat"
26-->src/main/AndroidManifest.xml:7:9-34
27        android:supportsRtl="true" >
27-->src/main/AndroidManifest.xml:10:9-35
28
29        <!-- LauncherActivity from android-browser-helper opens the TWA -->
30        <activity
30-->src/main/AndroidManifest.xml:14:9-23:20
31            android:name="com.google.androidbrowserhelper.trusted.LauncherActivity"
31-->src/main/AndroidManifest.xml:15:13-84
32            android:exported="true" >
32-->src/main/AndroidManifest.xml:16:13-36
33            <meta-data
33-->src/main/AndroidManifest.xml:17:13-18:53
34                android:name="android.support.customtabs.trusted.DEFAULT_URL"
34-->src/main/AndroidManifest.xml:17:24-85
35                android:value="@string/defaultUrl" />
35-->src/main/AndroidManifest.xml:18:17-51
36
37            <intent-filter>
37-->src/main/AndroidManifest.xml:19:13-22:29
38                <action android:name="android.intent.action.MAIN" />
38-->src/main/AndroidManifest.xml:20:17-68
38-->src/main/AndroidManifest.xml:20:25-66
39
40                <category android:name="android.intent.category.LAUNCHER" />
40-->src/main/AndroidManifest.xml:21:17-76
40-->src/main/AndroidManifest.xml:21:27-74
41            </intent-filter>
42        </activity>
43    </application>
44
45</manifest>